UniSpot/Library/Bee/Android/Prj/IL2CPP/Gradle/unityLibrary/build/intermediates/manifest_merge_blame_file/release/manifest-merger-blame-release-report.txt
1<?xml version="1.0" encoding="utf-8"?>
2<manifest xmlns:android="http://schemas.android.com/apk/res/android"
3    xmlns:tools="http://schemas.android.com/tools"
4    package="com.unity3d.player" >
5
6    <uses-sdk
7        android:minSdkVersion="24"
7-->src\main\AndroidManifest.xml
8        android:targetSdkVersion="32" />
8-->src\main\AndroidManifest.xml
9
10    <uses-permission android:name="android.permission.INTERNET" />
10-->src\main\AndroidManifest.xml:3:3-65
10-->src\main\AndroidManifest.xml:3:20-62
11
12    <uses-feature android:glEsVersion="0x00030000" />
12-->src\main\AndroidManifest.xml:4:3-52
12-->src\main\AndroidManifest.xml:4:17-49
13    <uses-feature
13-->src\main\AndroidManifest.xml:5:3-91
14        android:name="android.hardware.vulkan.version"
14-->src\main\AndroidManifest.xml:5:17-63
15        android:required="false" />
15-->src\main\AndroidManifest.xml:5:64-88
16    <uses-feature
16-->src\main\AndroidManifest.xml:6:3-88
17        android:name="android.hardware.touchscreen"
17-->src\main\AndroidManifest.xml:6:17-60
18        android:required="false" />
18-->src\main\AndroidManifest.xml:6:61-85
19    <uses-feature
19-->src\main\AndroidManifest.xml:7:3-99
20        android:name="android.hardware.touchscreen.multitouch"
20-->src\main\AndroidManifest.xml:7:17-71
21        android:required="false" />
21-->src\main\AndroidManifest.xml:7:72-96
22    <uses-feature
22-->src\main\AndroidManifest.xml:8:3-108
23        android:name="android.hardware.touchscreen.multitouch.distinct"
23-->src\main\AndroidManifest.xml:8:17-80
24        android:required="false" />
24-->src\main\AndroidManifest.xml:8:81-105
25
26    <uses-permission android:name="android.permission.CAMERA" />
26-->src\main\AndroidManifest.xml:27:3-63
26-->src\main\AndroidManifest.xml:27:20-60
27
28    <uses-feature
28-->src\main\AndroidManifest.xml:28:3-85
29        android:name="android.hardware.camera.ar"
29-->src\main\AndroidManifest.xml:28:17-58
30        android:required="true" />
30-->src\main\AndroidManifest.xml:28:59-82
31    <uses-feature
31-->src\main\AndroidManifest.xml:29:3-83
32        android:name="com.google.ar.core.depth"
32-->src\main\AndroidManifest.xml:29:17-56
33        android:required="true" />
33-->src\main\AndroidManifest.xml:29:57-80
34
35    <application android:extractNativeLibs="true" >
35-->src\main\AndroidManifest.xml:9:3-26:17
35-->src\main\AndroidManifest.xml:9:16-48
36        <meta-data
36-->src\main\AndroidManifest.xml:10:5-69
37            android:name="unity.splash-mode"
37-->src\main\AndroidManifest.xml:10:16-48
38            android:value="0" />
38-->src\main\AndroidManifest.xml:10:49-66
39        <meta-data
39-->src\main\AndroidManifest.xml:11:5-74
40            android:name="unity.splash-enable"
40-->src\main\AndroidManifest.xml:11:16-50
41            android:value="True" />
41-->src\main\AndroidManifest.xml:11:51-71
42        <meta-data
42-->src\main\AndroidManifest.xml:12:5-78
43            android:name="unity.launch-fullscreen"
43-->src\main\AndroidManifest.xml:12:16-54
44            android:value="True" />
44-->src\main\AndroidManifest.xml:12:55-75
45        <meta-data
45-->src\main\AndroidManifest.xml:13:5-84
46            android:name="unity.allow-resizable-window"
46-->src\main\AndroidManifest.xml:13:16-59
47            android:value="False" />
47-->src\main\AndroidManifest.xml:13:60-81
48        <meta-data
48-->src\main\AndroidManifest.xml:14:5-81
49            android:name="notch.config"
49-->src\main\AndroidManifest.xml:14:16-43
50            android:value="portrait|landscape" />
50-->src\main\AndroidManifest.xml:14:44-78
51        <meta-data
51-->src\main\AndroidManifest.xml:15:5-84
52            android:name="unity.auto-report-fully-drawn"
52-->src\main\AndroidManifest.xml:15:16-60
53            android:value="true" />
53-->src\main\AndroidManifest.xml:15:61-81
54
55        <activity
55-->src\main\AndroidManifest.xml:16:5-23:16
56            android:name="com.unity3d.player.UnityPlayerActivity"
56-->src\main\AndroidManifest.xml:16:15-68
57            android:configChanges="mcc|mnc|locale|touchscreen|keyboard|keyboardHidden|navigation|orientation|screenLayout|uiMode|screenSize|smallestScreenSize|fontScale|layoutDirection|density"
57-->src\main\AndroidManifest.xml:16:180-361
58            android:exported="true"
58-->src\main\AndroidManifest.xml:16:433-456
59            android:hardwareAccelerated="false"
59-->src\main\AndroidManifest.xml:16:397-432
60            android:launchMode="singleTask"
60-->src\main\AndroidManifest.xml:16:148-179
61            android:resizeableActivity="false"
61-->src\main\AndroidManifest.xml:16:362-396
62            android:screenOrientation="fullUser"
62-->src\main\AndroidManifest.xml:16:111-147
63            android:theme="@style/UnityThemeSelector" >
63-->src\main\AndroidManifest.xml:16:69-110
64            <intent-filter>
64-->src\main\AndroidManifest.xml:17:7-20:23
65                <category android:name="android.intent.category.LAUNCHER" />
65-->src\main\AndroidManifest.xml:18:9-69
65-->src\main\AndroidManifest.xml:18:19-66
66
67                <action android:name="android.intent.action.MAIN" />
67-->src\main\AndroidManifest.xml:19:9-61
67-->src\main\AndroidManifest.xml:19:17-58
68            </intent-filter>
69
70            <meta-data
70-->src\main\AndroidManifest.xml:21:7-82
71                android:name="unityplayer.UnityActivity"
71-->src\main\AndroidManifest.xml:21:18-58
72                android:value="true" />
72-->src\main\AndroidManifest.xml:21:59-79
73            <meta-data
73-->src\main\AndroidManifest.xml:22:7-70
74                android:name="notch_support"
74-->src\main\AndroidManifest.xml:22:18-46
75                android:value="true" />
75-->src\main\AndroidManifest.xml:22:47-67
76        </activity>
77
78        <meta-data
78-->src\main\AndroidManifest.xml:24:5-88
79            android:name="unityplayer.SkipPermissionsDialog"
79-->src\main\AndroidManifest.xml:24:16-64
80            android:value="true" />
80-->src\main\AndroidManifest.xml:24:65-85
81        <meta-data
81-->src\main\AndroidManifest.xml:25:5-77
82            android:name="com.google.ar.core"
82-->src\main\AndroidManifest.xml:25:16-49
83            android:value="required" />
83-->src\main\AndroidManifest.xml:25:50-74
84    </application>
85
86</manifest>